<?xml version="1.0" encoding="UTF-8"?>
<testsuite name="Test.AgregarVehiculos" tests="1" skipped="0" failures="0" errors="0" timestamp="2018-08-10T20:36:55" hostname="DESKTOP-HK3NGRI" time="12.05">
  <properties/>
  <testcase name="TestAlRegistrarUnVehiculoDebeAvisarleAlUsuarioQueFueExitosoElRegistro" classname="Test.AgregarVehiculos" time="12.05"/>
  <system-out><![CDATA[]]></system-out>
  <system-err><![CDATA[Starting ChromeDriver 2.40.565498 (ea082db3280dd6843ebfb08a625e3eb905c4f5ab) on port 13301
Only local connections are allowed.
ago 10, 2018 3:37:00 PM org.openqa.selenium.remote.ProtocolHandshake createSession
INFORMACIÓN: Detected dialect: OSS
]]></system-err>
</testsuite>
